<?xml version="1.0" encoding="UTF-8"?>
<!-- Generated by org.testng.reporters.JUnitReportReporter -->
<testsuite skipped="0" hostname="Vivek-PC" name="test" tests="1" failures="0" timestamp="05 Sep 2017 19:01:20 GMT" time="64.972" errors="0">
  <testcase name="productdetailvarification" time="64.972" classname="test"/>
</testsuite> <!-- test -->
